<?xml version="1.0" encoding="UTF-8"?>
<!-- Generated by org.testng.reporters.JUnitReportReporter -->
<testsuite skipped="0" hostname="DESKTOP-GTD3SJ1" name="SeleniumTest" tests="1" failures="0" timestamp="26 Aug 2017 15:31:48 GMT" time="15.224" errors="0">
  <testcase name="SeleniumTest" time="15.224" classname="SeleniumTest"/>
</testsuite> <!-- SeleniumTest -->
